<?xml version="1.0" encoding="UTF-8"?>
<testsuite xmlns:xsi="http://www.w3.org/2001/XMLSchema-instance" xsi:noNamespaceSchemaLocation="https://maven.apache.org/surefire/maven-surefire-plugin/xsd/surefire-test-report-3.0.xsd" version="3.0" name="com.studysync.creational.StudyGroupBuilderTest" time="0.071" tests="4" errors="0" skipped="0" failures="0">
  <properties>
[...]
</properties>
  <testcase name="testBuildFullGroup" classname="com.studysync.creational.StudyGroupBuilderTest" time="0.038">
    <system-out><![CDATA[
--- TEST: Full Group Build ---
  Name        : Physics 202
  Capacity    : 15
  Privacy     : PRIVATE
  Tags        : [difficult, weekly]
  Location    : Room 3.24
  Description : Weekly problem-solving sessions
  PASS
]]></system-out>
  </testcase>
  <testcase name="testCapacityTooHigh" classname="com.studysync.creational.StudyGroupBuilderTest" time="0.002">
    <system-out><![CDATA[
--- TEST: Capacity Validation (too high) ---
  Attempting capacity = 51 (maximum is 50)...
  Exception message : Capacity must be between 2 and 50
  PASS
]]></system-out>
  </testcase>
  <testcase name="testBuildMinimalGroup" classname="com.studysync.creational.StudyGroupBuilderTest" time="0.007">
    <system-out><![CDATA[
--- TEST: Minimal Group Build ---
  Name        : Math Study
  Course      : MATH101
  Capacity    : 10
  Privacy     : PUBLIC
  Tags count  : 0
  PASS
]]></system-out>
  </testcase>
  <testcase name="testCapacityTooLow" classname="com.studysync.creational.StudyGroupBuilderTest" time="0.001">
    <system-out><![CDATA[
--- TEST: Capacity Validation (too low) ---
  Attempting capacity = 1 (minimum is 2)...
  Exception message : Capacity must be between 2 and 50
  PASS
]]></system-out>
  </testcase>
</testsuite>