<?xml version="1.0" encoding="UTF-8"?>
<testsuite xmlns:xsi="http://www.w3.org/2001/XMLSchema-instance" xsi:noNamespaceSchemaLocation="https://maven.apache.org/surefire/maven-surefire-plugin/xsd/surefire-test-report-3.0.xsd" version="3.0" name="com.studysync.creational.DatabaseConnectionTest" time="0.115" tests="8" errors="0" skipped="0" failures="0">
  <properties>
[...]
</properties>
  <testcase name="testQueryCountIncrementsCorrectly" classname="com.studysync.creational.DatabaseConnectionTest" time="0.056">
    <system-out><![CDATA[
--- TEST: Holder Singleton — Query Count ---
DatabaseConnection created at: 2026-05-17T10:49:28.771957200
  Query count before calls : 0
Executing query #1: SELECT * FROM users
Executing query #2: SELECT * FROM study_groups
  Query count after 2 calls: 2
  PASS
]]></system-out>
  </testcase>
  <testcase name="testSingletonReturnsSameInstance" classname="com.studysync.creational.DatabaseConnectionTest" time="0.002">
    <system-out><![CDATA[
--- TEST: Holder Singleton — Same Instance ---
  Call 1 hash : 1306324352
  Call 2 hash : 1306324352
  Call 3 hash : 1306324352
  All three calls returned the same object: confirmed
  PASS
]]></system-out>
  </testcase>
  <testcase name="testSyncSingletonReturnsSameInstance" classname="com.studysync.creational.DatabaseConnectionTest" time="0.003">
    <system-out><![CDATA[
--- TEST: Sync Singleton — Same Instance ---
[SyncSingleton] Instance created lazily with double-checked locking.
  Call 1 hash : 910091170
  Call 2 hash : 910091170
  PASS
]]></system-out>
  </testcase>
  <testcase name="testSingletonThreadSafety" classname="com.studysync.creational.DatabaseConnectionTest" time="0.009">
    <system-out><![CDATA[
--- TEST: Holder Singleton — Thread Safety (10 threads) ---
  Thread 3 → hash: 1306324352
  Thread 1 → hash: 1306324352
  Thread 2 → hash: 1306324352
  Thread 0 → hash: 1306324352
  Thread 7 → hash: 1306324352
  Thread 8 → hash: 1306324352
  Thread 5 → hash: 1306324352
  Thread 6 → hash: 1306324352
  Thread 9 → hash: 1306324352
  Thread 4 → hash: 1306324352
  Distinct identity hashes collected: 1
  PASS
]]></system-out>
  </testcase>
  <testcase name="testEagerSingletonReturnsSameInstance" classname="com.studysync.creational.DatabaseConnectionTest" time="0.002">
    <system-out><![CDATA[
--- TEST: Eager Singleton — Same Instance ---
[EagerSingleton] Instance created at class load time.
  Call 1 hash : 2025221430
  Call 2 hash : 2025221430
  PASS
]]></system-out>
  </testcase>
  <testcase name="testEagerSingletonQueryCount" classname="com.studysync.creational.DatabaseConnectionTest" time="0.002">
    <system-out><![CDATA[
--- TEST: Eager Singleton — Query Count ---
  Count before : 0
[EagerSingleton] Executing query #1: SELECT 1
  Count after  : 1
  PASS
]]></system-out>
  </testcase>
  <testcase name="testSyncSingletonQueryCount" classname="com.studysync.creational.DatabaseConnectionTest" time="0.004">
    <system-out><![CDATA[
--- TEST: Sync Singleton — Query Count ---
  Count before : 0
[SyncSingleton] Executing query #1: SELECT 1
  Count after  : 1
  PASS
]]></system-out>
  </testcase>
  <testcase name="testConnectionDetailsAreValid" classname="com.studysync.creational.DatabaseConnectionTest" time="0.002">
    <system-out><![CDATA[
--- TEST: Holder Singleton — Connection Details ---
  URL         : jdbc:postgresql://localhost:5432/studysync
  Connected   : true
  Created at  : 2026-05-17T10:49:28.771957200
  PASS
]]></system-out>
  </testcase>
</testsuite>