<?xml version="1.0" encoding="UTF-8"?>
<testsuite xmlns:xsi="http://www.w3.org/2001/XMLSchema-instance" xsi:noNamespaceSchemaLocation="https://maven.apache.org/surefire/maven-surefire-plugin/xsd/surefire-test-report-3.0.xsd" version="3.0" name="com.studysync.service.StudySessionServiceTest" time="1.072" tests="11" errors="0" skipped="0" failures="0">
  <properties>
[...]
</properties>
  <testcase name="testGetSessionById_Success" classname="com.studysync.service.StudySessionServiceTest" time="0.993">
    <system-err><![CDATA[WARNING: A Java agent has been loaded dynamically (C:\Users\keitu\.m2\repository\net\bytebuddy\byte-buddy-agent\1.14.19\byte-buddy-agent-1.14.19.jar)
WARNING: If a serviceability tool is in use, please run with -XX:+EnableDynamicAgentLoading to hide this warning
WARNING: If a serviceability tool is not in use, please run with -Djdk.instrument.traceUsage for more information
WARNING: Dynamic loading of agents will be disallowed by default in a future release
]]></system-err>
  </testcase>
  <testcase name="testRescheduleSession_CreatorOnly" classname="com.studysync.service.StudySessionServiceTest" time="0.009"/>
  <testcase name="testScheduleSession_PastTime" classname="com.studysync.service.StudySessionServiceTest" time="0.005"/>
  <testcase name="testScheduleSession_Success" classname="com.studysync.service.StudySessionServiceTest" time="0.008"/>
  <testcase name="testGetSessionsByGroup_Success" classname="com.studysync.service.StudySessionServiceTest" time="0.002"/>
  <testcase name="testGetAllSessions_Success" classname="com.studysync.service.StudySessionServiceTest" time="0.002"/>
  <testcase name="testCancelSession_CreatorOnly" classname="com.studysync.service.StudySessionServiceTest" time="0.003"/>
  <testcase name="testRescheduleSession_NonCreator" classname="com.studysync.service.StudySessionServiceTest" time="0.002"/>
  <testcase name="testGetSessionById_NotFound" classname="com.studysync.service.StudySessionServiceTest" time="0.002"/>
  <testcase name="testGetSessionCount_Success" classname="com.studysync.service.StudySessionServiceTest" time="0.002"/>
  <testcase name="testGetUpcomingSessions_Success" classname="com.studysync.service.StudySessionServiceTest" time="0.002"/>
</testsuite>