<?xml version="1.0" encoding="UTF-8"?>
<testsuite xmlns:xsi="http://www.w3.org/2001/XMLSchema-instance" xsi:noNamespaceSchemaLocation="https://maven.apache.org/surefire/maven-surefire-plugin/xsd/surefire-test-report-3.0.xsd" version="3.0" name="com.studysync.creational.DatabaseConnectionTest" time="0.063" tests="4" errors="0" skipped="0" failures="0">
  <properties>
[...]
</properties>
  <testcase name="testConnectionDetails" classname="com.studysync.creational.DatabaseConnectionTest" time="0.031">
    <system-out><![CDATA[DatabaseConnection created at: 2026-05-02T20:56:23.277258600
]]></system-out>
  </testcase>
  <testcase name="testSingletonReturnsSameInstance" classname="com.studysync.creational.DatabaseConnectionTest" time="0.002"/>
  <testcase name="testSingletonThreadSafety" classname="com.studysync.creational.DatabaseConnectionTest" time="0.005"/>
  <testcase name="testQueryExecution" classname="com.studysync.creational.DatabaseConnectionTest" time="0.003">
    <system-out><![CDATA[Executing query #1: SELECT * FROM users
Executing query #2: SELECT * FROM groups
]]></system-out>
  </testcase>
</testsuite>