<?xml version="1.0" encoding="UTF-8"?>
<testsuite xmlns:xsi="http://www.w3.org/2001/XMLSchema-instance" xsi:noNamespaceSchemaLocation="https://maven.apache.org/surefire/maven-surefire-plugin/xsd/surefire-test-report-3.0.xsd" version="3.0" name="com.studysync.creational.GUIFactoryTest" time="0.067" tests="4" errors="0" skipped="0" failures="0">
  <properties>
[...]
</properties>
  <testcase name="testFactoriesProduceDifferentComponents" classname="com.studysync.creational.GUIFactoryTest" time="0.032">
    <system-out><![CDATA[
--- TEST: Factories Produce Independent Component Types ---
  Windows button : WindowsButton
  Mac button     : MacButton
  Windows textbox: WindowsTextBox
  Mac textbox    : MacTextBox
  PASS
]]></system-out>
  </testcase>
  <testcase name="testMacFactoryCreatesMacComponents" classname="com.studysync.creational.GUIFactoryTest" time="0.003">
    <system-out><![CDATA[
--- TEST: Mac Factory Creates Mac Components ---
  Button class  : MacButton
  TextBox class : MacTextBox
Rendering Mac-style button
Rendering Mac-style text box
  PASS
]]></system-out>
  </testcase>
  <testcase name="testWindowsFactoryCreatesWindowsComponents" classname="com.studysync.creational.GUIFactoryTest" time="0.001">
    <system-out><![CDATA[
--- TEST: Windows Factory Creates Windows Components ---
  Button class  : WindowsButton
  TextBox class : WindowsTextBox
Rendering Windows-style button
Rendering Windows-style text box
  PASS
]]></system-out>
  </testcase>
  <testcase name="testApplicationUIRendersWithoutError" classname="com.studysync.creational.GUIFactoryTest" time="0.003">
    <system-out><![CDATA[
--- TEST: ApplicationUI Renders Without Error ---
  Rendering Windows UI...
Rendering Windows-style button
Rendering Windows-style text box
  Rendering Mac UI...
Rendering Mac-style button
Rendering Mac-style text box
  PASS
]]></system-out>
  </testcase>
</testsuite>