<?xml version="1.0" encoding="UTF-8"?>
<testsuite xmlns:xsi="http://www.w3.org/2001/XMLSchema-instance" xsi:noNamespaceSchemaLocation="https://maven.apache.org/surefire/maven-surefire-plugin/xsd/surefire-test-report-3.0.xsd" version="3.0" name="com.studysync.repository.InMemoryUserRepositoryTest" time="0.084" tests="9" errors="0" skipped="0" failures="0">
  <properties>
[...]
</properties>
  <testcase name="testFindAll" classname="com.studysync.repository.InMemoryUserRepositoryTest" time="0.039">
    <system-out><![CDATA[
--- TEST: findAll() ---
  findAll returned 3 users
  PASS
]]></system-out>
  </testcase>
  <testcase name="testCount" classname="com.studysync.repository.InMemoryUserRepositoryTest" time="0.002">
    <system-out><![CDATA[
--- TEST: count() ---
  count after 2 saves: 2
  PASS
]]></system-out>
  </testcase>
  <testcase name="testFindByIdNotFound" classname="com.studysync.repository.InMemoryUserRepositoryTest" time="0.001">
    <system-out><![CDATA[
--- TEST: findById() returns empty for missing ID ---
  findById(999) returned empty: confirmed
  PASS
]]></system-out>
  </testcase>
  <testcase name="testFindByEmail" classname="com.studysync.repository.InMemoryUserRepositoryTest" time="0.002">
    <system-out><![CDATA[
--- TEST: findByEmail() ---
  Found: Eve
  PASS
]]></system-out>
  </testcase>
  <testcase name="testDeleteById" classname="com.studysync.repository.InMemoryUserRepositoryTest" time="0.001">
    <system-out><![CDATA[
--- TEST: deleteById() ---
  User deleted; existsById=false
  PASS
]]></system-out>
  </testcase>
  <testcase name="testExistsByEmail" classname="com.studysync.repository.InMemoryUserRepositoryTest" time="0.003">
    <system-out><![CDATA[
--- TEST: existsByEmail() ---
  frank@uni.ac.za exists: true
  PASS
]]></system-out>
  </testcase>
  <testcase name="testFindAllActive" classname="com.studysync.repository.InMemoryUserRepositoryTest" time="0.002">
    <system-out><![CDATA[
--- TEST: findAllActive() ---
  Active users: 1 (expected 1)
  PASS
]]></system-out>
  </testcase>
  <testcase name="testSaveAssignsId" classname="com.studysync.repository.InMemoryUserRepositoryTest" time="0.002">
    <system-out><![CDATA[
--- TEST: save() assigns ID ---
  Assigned ID: 1
  PASS
]]></system-out>
  </testcase>
  <testcase name="testSaveAndFindById" classname="com.studysync.repository.InMemoryUserRepositoryTest" time="0.005">
    <system-out><![CDATA[
--- TEST: save() + findById() ---
  Found user: Bob (ID=1)
  PASS
]]></system-out>
  </testcase>
</testsuite>